#-----------------------------------------------------------
# Vivado v2020.2 (64-bit)
# SW Build 3064766 on Wed Nov 18 09:12:45 MST 2020
# IP Build 3064653 on Wed Nov 18 14:17:31 MST 2020
# Start of session at: Mon May  1 18:00:38 2023
# Process ID: 26268
# Current directory: C:/Users/arami/Desktop/ECE 3300L/Lab13/project_1
# Command line: vivado.exe -gui_launcher_event rodinguilauncherevent23476 C:\Users\arami\Desktop\ECE 3300L\Lab13\project_1\project_1.xpr
# Log file: C:/Users/arami/Desktop/ECE 3300L/Lab13/project_1/vivado.log
# Journal file: C:/Users/arami/Desktop/ECE 3300L/Lab13/project_1\vivado.jou
#-----------------------------------------------------------
start_gui
open_project {C:/Users/arami/Desktop/ECE 3300L/Lab13/project_1/project_1.xpr}
WARNING: [filemgmt 56-3] Default IP Output Path : Could not find the directory 'C:/Users/arami/Desktop/ECE 3300L/Lab13/project_1/project_1.gen/sources_1'.
Scanning sources...
Finished scanning sources
INFO: [IP_Flow 19-234] Refreshing IP repositories
INFO: [IP_Flow 19-1704] No user IP repositories specified
INFO: [IP_Flow 19-2313] Loaded Vivado IP repository 'C:/Xilinx/Vivado/2020.2/data/ip'.
open_project: Time (s): cpu = 00:00:05 ; elapsed = 00:00:08 . Memory (MB): peak = 1004.707 ; gain = 0.000
update_compile_order -fileset sources_1
reset_run synth_1
launch_runs impl_1 -to_step write_bitstream -jobs 4
[Tue May  2 09:11:57 2023] Launched synth_1...
Run output will be captured here: C:/Users/arami/Desktop/ECE 3300L/Lab13/project_1/project_1.runs/synth_1/runme.log
[Tue May  2 09:11:57 2023] Launched impl_1...
Run output will be captured here: C:/Users/arami/Desktop/ECE 3300L/Lab13/project_1/project_1.runs/impl_1/runme.log
open_hw_manager
connect_hw_server -allow_non_jtag
INFO: [Labtools 27-2285] Connecting to hw_server url TCP:localhost:3121
INFO: [Labtools 27-2222] Launching hw_server...
INFO: [Labtools 27-2221] Launch Output:

****** Xilinx hw_server v2020.2
  **** Build date : Nov 18 2020 at 10:01:48
    ** Copyright 1986-2020 Xilinx, Inc. All Rights Reserved.


INFO: [Labtools 27-3415] Connecting to cs_server url TCP:localhost:3042
INFO: [Labtools 27-3417] Launching cs_server...
INFO: [Labtools 27-2221] Launch Output:


******** Xilinx cs_server v2020.2
  ****** Build date   : Nov 03 2020-13:02:56
    **** Build number : 2020.2.1604437376
      ** Copyright 2017-2020 Xilinx, Inc. All Rights Reserved.



connect_hw_server: Time (s): cpu = 00:00:00 ; elapsed = 00:00:08 . Memory (MB): peak = 1004.707 ; gain = 0.000
open_hw_target
INFO: [Labtoolstcl 44-466] Opening hw_target localhost:3121/xilinx_tcf/Digilent/210292B7F8B6A
set_property PROGRAM.FILE {C:/Users/arami/Desktop/ECE 3300L/Lab13/project_1/project_1.runs/impl_1/Final.bit} [get_hw_devices xc7a100t_0]
current_hw_device [get_hw_devices xc7a100t_0]
refresh_hw_device -update_hw_probes false [lindex [get_hw_devices xc7a100t_0] 0]
INFO: [Labtools 27-1434] Device xc7a100t (JTAG device index = 0) is programmed with a design that has no supported debug core(s) in it.
set_property PROBES.FILE {} [get_hw_devices xc7a100t_0]
set_property FULL_PROBES.FILE {} [get_hw_devices xc7a100t_0]
set_property PROGRAM.FILE {C:/Users/arami/Desktop/ECE 3300L/Lab13/project_1/project_1.runs/impl_1/Final.bit} [get_hw_devices xc7a100t_0]
program_hw_devices [get_hw_devices xc7a100t_0]
INFO: [Labtools 27-3164] End of startup status: HIGH
refresh_hw_device [lindex [get_hw_devices xc7a100t_0] 0]
INFO: [Labtools 27-1434] Device xc7a100t (JTAG device index = 0) is programmed with a design that has no supported debug core(s) in it.
reset_run impl_1 -prev_step 
launch_runs impl_1 -to_step write_bitstream -jobs 4
WARNING: [Vivado 12-872] Run step 'Design Initialization' is out-of-date.
[Tue May  2 09:23:33 2023] Launched impl_1...
Run output will be captured here: C:/Users/arami/Desktop/ECE 3300L/Lab13/project_1/project_1.runs/impl_1/runme.log
set_property PROBES.FILE {} [get_hw_devices xc7a100t_0]
set_property FULL_PROBES.FILE {} [get_hw_devices xc7a100t_0]
set_property PROGRAM.FILE {C:/Users/arami/Desktop/ECE 3300L/Lab13/project_1/project_1.runs/impl_1/Final.bit} [get_hw_devices xc7a100t_0]
program_hw_devices [get_hw_devices xc7a100t_0]
INFO: [Labtools 27-3164] End of startup status: HIGH
refresh_hw_device [lindex [get_hw_devices xc7a100t_0] 0]
INFO: [Labtools 27-1434] Device xc7a100t (JTAG device index = 0) is programmed with a design that has no supported debug core(s) in it.
reset_run synth_1
launch_runs impl_1 -to_step write_bitstream -jobs 4
[Tue May  2 09:36:52 2023] Launched synth_1...
Run output will be captured here: C:/Users/arami/Desktop/ECE 3300L/Lab13/project_1/project_1.runs/synth_1/runme.log
[Tue May  2 09:36:52 2023] Launched impl_1...
Run output will be captured here: C:/Users/arami/Desktop/ECE 3300L/Lab13/project_1/project_1.runs/impl_1/runme.log
set_property PROBES.FILE {} [get_hw_devices xc7a100t_0]
set_property FULL_PROBES.FILE {} [get_hw_devices xc7a100t_0]
set_property PROGRAM.FILE {C:/Users/arami/Desktop/ECE 3300L/Lab13/project_1/project_1.runs/impl_1/Final.bit} [get_hw_devices xc7a100t_0]
program_hw_devices [get_hw_devices xc7a100t_0]
INFO: [Labtools 27-3164] End of startup status: HIGH
refresh_hw_device [lindex [get_hw_devices xc7a100t_0] 0]
INFO: [Labtools 27-1434] Device xc7a100t (JTAG device index = 0) is programmed with a design that has no supported debug core(s) in it.
reset_run synth_1
launch_runs impl_1 -to_step write_bitstream -jobs 4
[Tue May  2 09:42:56 2023] Launched synth_1...
Run output will be captured here: C:/Users/arami/Desktop/ECE 3300L/Lab13/project_1/project_1.runs/synth_1/runme.log
[Tue May  2 09:42:56 2023] Launched impl_1...
Run output will be captured here: C:/Users/arami/Desktop/ECE 3300L/Lab13/project_1/project_1.runs/impl_1/runme.log
set_property PROBES.FILE {} [get_hw_devices xc7a100t_0]
set_property FULL_PROBES.FILE {} [get_hw_devices xc7a100t_0]
set_property PROGRAM.FILE {C:/Users/arami/Desktop/ECE 3300L/Lab13/project_1/project_1.runs/impl_1/Final.bit} [get_hw_devices xc7a100t_0]
program_hw_devices [get_hw_devices xc7a100t_0]
INFO: [Labtools 27-3164] End of startup status: HIGH
refresh_hw_device [lindex [get_hw_devices xc7a100t_0] 0]
INFO: [Labtools 27-1434] Device xc7a100t (JTAG device index = 0) is programmed with a design that has no supported debug core(s) in it.
reset_run synth_1
launch_runs impl_1 -to_step write_bitstream -jobs 4
[Tue May  2 09:51:36 2023] Launched synth_1...
Run output will be captured here: C:/Users/arami/Desktop/ECE 3300L/Lab13/project_1/project_1.runs/synth_1/runme.log
[Tue May  2 09:51:36 2023] Launched impl_1...
Run output will be captured here: C:/Users/arami/Desktop/ECE 3300L/Lab13/project_1/project_1.runs/impl_1/runme.log
set_property PROBES.FILE {} [get_hw_devices xc7a100t_0]
set_property FULL_PROBES.FILE {} [get_hw_devices xc7a100t_0]
set_property PROGRAM.FILE {C:/Users/arami/Desktop/ECE 3300L/Lab13/project_1/project_1.runs/impl_1/Final.bit} [get_hw_devices xc7a100t_0]
program_hw_devices [get_hw_devices xc7a100t_0]
INFO: [Labtools 27-3164] End of startup status: HIGH
refresh_hw_device [lindex [get_hw_devices xc7a100t_0] 0]
INFO: [Labtools 27-1434] Device xc7a100t (JTAG device index = 0) is programmed with a design that has no supported debug core(s) in it.
reset_run synth_1
launch_runs impl_1 -to_step write_bitstream -jobs 4
[Tue May  2 09:55:09 2023] Launched synth_1...
Run output will be captured here: C:/Users/arami/Desktop/ECE 3300L/Lab13/project_1/project_1.runs/synth_1/runme.log
[Tue May  2 09:55:09 2023] Launched impl_1...
Run output will be captured here: C:/Users/arami/Desktop/ECE 3300L/Lab13/project_1/project_1.runs/impl_1/runme.log
ERROR: [Labtoolstcl 44-513] HW Target shutdown. Closing target: localhost:3121/xilinx_tcf/Digilent/210292B7F8B6A
INFO: [Labtoolstcl 44-466] Opening hw_target localhost:3121/xilinx_tcf/Digilent/210292B7F8B6A
INFO: [Labtools 27-1434] Device xc7a100t (JTAG device index = 0) is programmed with a design that has no supported debug core(s) in it.
WARNING: [Labtoolstcl 44-129] No matching hw_ila_data was found.
set_property PROBES.FILE {} [get_hw_devices xc7a100t_0]
set_property FULL_PROBES.FILE {} [get_hw_devices xc7a100t_0]
set_property PROGRAM.FILE {C:/Users/arami/Desktop/ECE 3300L/Lab13/project_1/project_1.runs/impl_1/Final.bit} [get_hw_devices xc7a100t_0]
program_hw_devices [get_hw_devices xc7a100t_0]
INFO: [Labtools 27-3164] End of startup status: HIGH
refresh_hw_device [lindex [get_hw_devices xc7a100t_0] 0]
INFO: [Labtools 27-1434] Device xc7a100t (JTAG device index = 0) is programmed with a design that has no supported debug core(s) in it.
reset_run synth_1
launch_runs impl_1 -to_step write_bitstream -jobs 4
[Tue May  2 11:05:50 2023] Launched synth_1...
Run output will be captured here: C:/Users/arami/Desktop/ECE 3300L/Lab13/project_1/project_1.runs/synth_1/runme.log
[Tue May  2 11:05:50 2023] Launched impl_1...
Run output will be captured here: C:/Users/arami/Desktop/ECE 3300L/Lab13/project_1/project_1.runs/impl_1/runme.log
set_property PROBES.FILE {} [get_hw_devices xc7a100t_0]
set_property FULL_PROBES.FILE {} [get_hw_devices xc7a100t_0]
set_property PROGRAM.FILE {C:/Users/arami/Desktop/ECE 3300L/Lab13/project_1/project_1.runs/impl_1/Final.bit} [get_hw_devices xc7a100t_0]
program_hw_devices [get_hw_devices xc7a100t_0]
INFO: [Labtools 27-3164] End of startup status: HIGH
refresh_hw_device [lindex [get_hw_devices xc7a100t_0] 0]
INFO: [Labtools 27-1434] Device xc7a100t (JTAG device index = 0) is programmed with a design that has no supported debug core(s) in it.
reset_run synth_1
launch_runs impl_1 -jobs 4
[Tue May  2 11:09:45 2023] Launched synth_1...
Run output will be captured here: C:/Users/arami/Desktop/ECE 3300L/Lab13/project_1/project_1.runs/synth_1/runme.log
[Tue May  2 11:09:45 2023] Launched impl_1...
Run output will be captured here: C:/Users/arami/Desktop/ECE 3300L/Lab13/project_1/project_1.runs/impl_1/runme.log
ERROR: [Labtoolstcl 44-513] HW Target shutdown. Closing target: localhost:3121/xilinx_tcf/Digilent/210292B7F8B6A
exit
INFO: [Common 17-206] Exiting Vivado at Tue May  2 11:11:38 2023...
